Starting automation loop for 5 records...

--- Submitting Record 1 of 5 ---
Starting submission for Record #1 (Kweku Baffoe)...
Filling page 1...
Warning: failed to fill question '3. What is your gender?': Locator.scroll_into_view_if_needed: Timeout 29976ms exceeded.
Call log:
  - attempting scroll into view action
    2 × waiting for element to be stable
      - element is not visible
    - retrying scroll into view action
    - waiting 20ms
    2 × waiting for element to be stable
      - element is not visible
    - retrying scroll into view action
      - waiting 100ms
    55 × waiting for element to be stable
       - element is not visible
     - retrying scroll into view action
       - waiting 500ms
    - waiting for element to be stable

Warning: failed to fill question '5. What is your marital status?': Locator.scroll_into_view_if_needed: Timeout 29983ms exceeded.
Call log:
  - attempting scroll into view action
    2 × waiting for element to be stable
      - element is not visible
    - retrying scroll into view action
    - waiting 20ms
    2 × waiting for element to be stable
      - element is not visible
    - retrying scroll into view action
      - waiting 100ms
    47 × waiting for element to be stable
       - element is not visible
     - retrying scroll into view action
       - waiting 500ms

Warning: failed to fill question '6. What is your highest level of education?': Locator.scroll_into_view_if_needed: Timeout 29986ms exceeded.
Call log:
  - attempting scroll into view action
    2 × waiting for element to be stable
      - element is not visible
    - retrying scroll into view action
    - waiting 20ms
    2 × waiting for element to be stable
      - element is not visible
    - retrying scroll into view action
      - waiting 100ms
    56 × waiting for element to be stable
       - element is not visible
     - retrying scroll into view action
       - waiting 500ms

Warning: failed to fill question '7. What is your religion?': Locator.scroll_into_view_if_needed: Timeout 29981ms exceeded.
Call log:
  - attempting scroll into view action
    2 × waiting for element to be stable
      - element is not visible
    - retrying scroll into view action
    - waiting 20ms
    2 × waiting for element to be stable
      - element is not visible
    - retrying scroll into view action
      - waiting 100ms
    56 × waiting for element to be stable
       - element is not visible
     - retrying scroll into view action
       - waiting 500ms

Warning: failed to fill question '7a. Specify other religion': Locator.scroll_into_view_if_needed: Target page, context or browser has been closed
Call log:
  - attempting scroll into view action
    2 × waiting for element to be stable
      - element is not visible
    - retrying scroll into view action
    - waiting 20ms
    2 × waiting for element to be stable
      - element is not visible
    - retrying scroll into view action
      - waiting 100ms
    17 × waiting for element to be stable
       - element is not visible
     - retrying scroll into view action
       - waiting 500ms

Warning: failed to fill question '8. Which region do you come from?': Locator.scroll_into_view_if_needed: Target page, context or browser has been closed
Warning: failed to fill question '8a. Specify other region': Locator.scroll_into_view_if_needed: Target page, context or browser has been closed
Warning: failed to fill question '9. What is your town/community of residence?': Locator.scroll_into_view_if_needed: Target page, context or browser has been closed
Warning: failed to fill question '10. What is your residential status?': Locator.scroll_into_view_if_needed: Target page, context or browser has been closed
Warning: failed to fill question '11. What type of dwelling do you live in?': Locator.scroll_into_view_if_needed: Target page, context or browser has been closed
Warning: failed to fill question '11a. Specify other dwelling type': Locator.scroll_into_view_if_needed: Target page, context or browser has been closed
Warning: failed to fill question '12. What is the ownership status of your dwelling?': Locator.scroll_into_view_if_needed: Target page, context or browser has been closed
Fetching schema from https://ee.kobotoolbox.org/x/lJHKBgCj...
Warning: failed to fill question '12a. Specify other ownership status': Locator.scroll_into_view_if_needed: Target page, context or browser has been closed
Warning: failed to fill question '13. What is your household size? (persons)': Locator.scroll_into_view_if_needed: Target page, context or browser has been closed
Warning: failed to fill question '14. What is your major occupation?': Locator.scroll_into_view_if_needed: Target page, context or browser has been closed
Warning: failed to fill question '14a. Specify other occupation': Locator.scroll_into_view_if_needed: Target page, context or browser has been closed
Warning: failed to fill question '15. Do you have any secondary occupation?': Locator.scroll_into_view_if_needed: Target page, context or browser has been closed
Successfully fetched 96 questions.
Warning: failed to fill question '16. If yes, what is your secondary occupation?': Locator.scroll_into_view_if_needed: Target page, context or browser has been closed
Warning: failed to fill question '16a. Specify other secondary occupation': Locator.scroll_into_view_if_needed: Target page, context or browser has been closed
Warning: failed to fill question '17. How many years of fishing experience do you have? (years)': Locator.scroll_into_view_if_needed: Target page, context or browser has been closed
Warning: failed to fill question '18. What is your employment status in fishing?': Locator.scroll_into_view_if_needed: Target page, context or browser has been closed
Warning: failed to fill question '19. Do you own your canoe?': Locator.scroll_into_view_if_needed: Target page, context or browser has been closed
Warning: failed to fill question '20. What is your status in the community?': Locator.scroll_into_view_if_needed: Target page, context or browser has been closed
Warning: failed to fill question '20a. Specify other community status': Locator.scroll_into_view_if_needed: Target page, context or browser has been closed
Warning: failed to fill question '21. Do you belong to any community-based association?': Locator.scroll_into_view_if_needed: Target page, context or browser has been closed
Warning: failed to fill question '22. If yes, what type of association do you belong to?': Locator.scroll_into_view_if_needed: Target page, context or browser has been closed
Warning: failed to fill question '22a. Specify other association type': Locator.scroll_into_view_if_needed: Target page, context or browser has been closed
Warning: failed to fill question '23. How long have you been a member of the association? (years)': Locator.scroll_into_view_if_needed: Target page, context or browser has been closed
Warning: failed to fill question '24. What are the major operational challenges affecting your fishing activities?': Locator.scroll_into_view_if_needed: Target page, context or browser has been closed
Warning: failed to fill question '25. Do you experience high fuel costs during fishing operations?': Locator.scroll_into_view_if_needed: Target page, context or browser has been closed
Warning: failed to fill question '26. What is your average weekly expenditure on fuel? (GHS)': Locator.scroll_into_view_if_needed: Target page, context or browser has been closed
Warning: failed to fill question '27. How would you rate the increase in fuel prices over the years?': Locator.scroll_into_view_if_needed: Target page, context or browser has been closed
Warning: failed to fill question '28. Do you experience shortages in premix fuel supply?': Locator.scroll_into_view_if_needed: Target page, context or browser has been closed
Warning: failed to fill question '29. How often do fuel shortages affect your fishing activities?': Locator.scroll_into_view_if_needed: Target page, context or browser has been closed
Warning: failed to fill question '30. Do you experience declining fish catch?': Locator.scroll_into_view_if_needed: Target page, context or browser has been closed
Warning: failed to fill question '31. How severe is the decline in fish stock?': Locator.scroll_into_view_if_needed: Target page, context or browser has been closed
Warning: failed to fill question '32. Do illegal fishing activities affect your fishing operations?': Locator.scroll_into_view_if_needed: Target page, context or browser has been closed
Warning: failed to fill question '33. Which type of illegal fishing activity affects you most?': Locator.scroll_into_view_if_needed: Target page, context or browser has been closed
Warning: failed to fill question '33a. Specify other illegal fishing activity': Locator.scroll_into_view_if_needed: Target page, context or browser has been closed
Warning: failed to fill question '34. Do you experience frequent damage to fishing gear?': Locator.scroll_into_view_if_needed: Connection closed while reading from the driver
